\BOOKMARK [1][-]{section.1}{\376\377\000L\036\335\000i\000\040\000m\036\337\000\040\001\021\036\247\000u}{}% 1
\BOOKMARK [1][-]{section.2}{\376\377\000P\000h\000\342\000n\000\040\000t\000\355\000c\000h\000\040\000b\000\340\000i\000\040\000t\000o\000\341\000n}{}% 2
\BOOKMARK [2][-]{subsection.2.1}{\376\377\000G\000i\036\333\000i\000\040\000t\000h\000i\036\307\000u\000\040\000b\000\340\000i\000\040\000t\000o\000\341\000n}{section.2}% 3
\BOOKMARK [3][-]{subsubsection.2.1.1}{\376\377\000B\036\321\000i\000\040\000c\036\243\000n\000h\000\040\000v\000\340\000\040\000v\036\245\000n\000\040\001\021\036\301}{subsection.2.1}% 4
\BOOKMARK [3][-]{subsubsection.2.1.2}{\376\377\000M\036\345\000c\000\040\000t\000i\000\352\000u\000\040\000h\036\307\000\040\000t\000h\036\321\000n\000g}{subsection.2.1}% 5
\BOOKMARK [2][-]{subsection.2.2}{\376\377\000P\000h\000\342\000n\000\040\000t\000\355\000c\000h\000\040\000b\000\340\000i\000\040\000t\000o\000\341\000n}{section.2}% 6
\BOOKMARK [1][-]{section.3}{\376\377\000T\000h\000i\036\277\000t\000\040\000k\036\277\000\040\000c\000h\001\260\001\241\000n\000g\000\040\000t\000r\000\354\000n\000h}{}% 7
\BOOKMARK [2][-]{subsection.3.1}{\376\377\000T\036\325\000n\000g\000\040\000t\000h\036\303\000\040\000c\000h\036\351\000c\000\040\000n\001\003\000n\000g}{section.3}% 8
\BOOKMARK [2][-]{subsection.3.2}{\376\377\000L\000u\036\323\000n\000g\000\040\000n\000g\000h\000i\036\307\000p\000\040\000v\036\345\000\040\000h\036\307\000\040\000t\000h\036\321\000n\000g}{section.3}% 9
\BOOKMARK [2][-]{subsection.3.3}{\376\377\001\020\036\321\000i\000\040\000t\001\260\036\343\000n\000g}{section.3}% 10
\BOOKMARK [3][-]{subsubsection.3.3.1}{\376\377\000U\000s\000e\000r}{subsection.3.3}% 11
\BOOKMARK [3][-]{subsubsection.3.3.2}{\376\377\000C\000a\000t\000e\000g\000o\000r\000y}{subsection.3.3}% 12
\BOOKMARK [3][-]{subsubsection.3.3.3}{\376\377\000T\000r\000a\000n\000s\000a\000c\000t\000i\000o\000n}{subsection.3.3}% 13
\BOOKMARK [3][-]{subsubsection.3.3.4}{\376\377\000B\000u\000d\000g\000e\000t}{subsection.3.3}% 14
\BOOKMARK [3][-]{subsubsection.3.3.5}{\376\377\000R\000e\000p\000o\000r\000t}{subsection.3.3}% 15
\BOOKMARK [2][-]{subsection.3.4}{\376\377\000M\000\364\000\040\000h\000\354\000n\000h\000\040\000t\000h\036\361\000c\000\040\000t\000h\036\303\000\040\000l\000i\000\352\000n\000\040\000k\036\277\000t\000\040\000\050\000E\000R\000D\000\051}{section.3}% 16
\BOOKMARK [2][-]{subsection.3.5}{\376\377\000M\000\364\000\040\000t\036\243\000\040\000v\036\301\000\040\000c\036\245\000u\000\040\000t\000r\000\372\000c\000\040\000c\000h\001\260\001\241\000n\000g\000\040\000t\000r\000\354\000n\000h\000\040}{section.3}% 17
\BOOKMARK [2][-]{subsection.3.6}{\376\377\000X\000\342\000y\000\040\000d\036\361\000n\000g\000\040\000c\000\341\000c\000\040\000m\000o\000d\000u\000l\000e}{section.3}% 18
\BOOKMARK [3][-]{subsubsection.3.6.1}{\376\377\000M\000o\000d\000u\000l\000e\000\040\000D\000a\000t\000a}{subsection.3.6}% 19
\BOOKMARK [3][-]{subsubsection.3.6.2}{\376\377\000M\000o\000d\000u\000l\000e\000\040\000M\000o\000d\000e\000l\000s}{subsection.3.6}% 20
\BOOKMARK [3][-]{subsubsection.3.6.3}{\376\377\000M\000o\000d\000u\000l\000e\000\040\000R\000e\000p\000o\000s\000i\000t\000o\000r\000i\000e\000s}{subsection.3.6}% 21
\BOOKMARK [3][-]{subsubsection.3.6.4}{\376\377\000M\000o\000d\000u\000l\000e\000\040\000S\000e\000r\000v\000i\000c\000e\000s}{subsection.3.6}% 22
\BOOKMARK [3][-]{subsubsection.3.6.5}{\376\377\000M\000o\000d\000u\000l\000e\000\040\000U\000I}{subsection.3.6}% 23
\BOOKMARK [3][-]{subsubsection.3.6.6}{\376\377\000H\000\340\000m\000\040\000m\000a\000i\000n}{subsection.3.6}% 24
\BOOKMARK [1][-]{section.4}{\376\377\000G\036\341\000\040\000l\036\327\000i\000\040\000v\000\340\000\040\000k\000i\036\303\000m\000\040\000t\000h\036\355}{}% 25
\BOOKMARK [2][-]{subsection.4.1}{\376\377\000X\000\341\000c\000\040\001\021\036\313\000n\000h\000\040\000v\000\340\000\040\000g\036\341\000\040\000l\036\327\000i}{section.4}% 26
\BOOKMARK [2][-]{subsection.4.2}{\376\377\000K\000i\036\303\000m\000\040\000t\000h\036\355}{section.4}% 27
\BOOKMARK [3][-]{subsubsection.4.2.1}{\376\377\000M\036\345\000c\000\040\001\021\000\355\000c\000h\000\040\000k\000i\036\303\000m\000\040\000t\000h\036\355}{subsection.4.2}% 28
\BOOKMARK [3][-]{subsubsection.4.2.2}{\376\377\000P\000h\001\260\001\241\000n\000g\000\040\000p\000h\000\341\000p\000\040\000k\000i\036\303\000m\000\040\000t\000h\036\355}{subsection.4.2}% 29
\BOOKMARK [1][-]{section.5}{\376\377\000C\000\341\000c\000\040\000k\001\051\000\040\000t\000h\000u\036\255\000t\000\040\000s\036\355\000\040\000d\036\345\000n\000g}{}% 30
\BOOKMARK [2][-]{subsection.5.1}{\376\377\000K\036\371\000\040\000t\000h\000u\036\255\000t\000\040\001\021\036\267\000t\000\040\000t\000\352\000n\000\040\000v\000\340\000\040\000c\000h\000\372\000\040\000t\000h\000\355\000c\000h}{section.5}% 31
\BOOKMARK [2][-]{subsection.5.2}{\376\377\000K\036\371\000\040\000t\000h\000u\036\255\000t\000\040\000s\036\355\000\040\000d\036\345\000n\000g\000\040\000h\000\340\000m}{section.5}% 32
\BOOKMARK [2][-]{subsection.5.3}{\376\377\000K\036\371\000\040\000t\000h\000u\036\255\000t\000\040\000q\000u\036\243\000n\000\040\000l\000\375\000\040\000v\000\340\000\040\000x\036\355\000\040\000l\000\375\000\040\000d\036\357\000\040\000l\000i\036\307\000u}{section.5}% 33
\BOOKMARK [2][-]{subsection.5.4}{\376\377\000K\036\371\000\040\000t\000h\000u\036\255\000t\000\040\000t\000r\000\354\000n\000h\000\040\000b\000\340\000y\000\040\000m\000\343}{section.5}% 34
\BOOKMARK [1][-]{section.6}{\376\377\000P\000h\036\345\000\040\000l\036\345\000c\000\040\000h\000\340\000m\000\040\000m\000a\000i\000n}{}% 35
\BOOKMARK [2][-]{subsection.6.1}{\376\377\000M\000\343\000\040\000n\000g\000u\036\323\000n\000\040\000h\000\340\000m\000\040\000m\000a\000i\000n}{section.6}% 36
\BOOKMARK [2][-]{subsection.6.2}{\376\377\000P\000h\001\260\001\241\000n\000g\000\040\000t\000h\036\351\000c\000\040\000k\000h\036\337\000i\000\040\000t\036\241\000o}{section.6}% 37
\BOOKMARK [2][-]{subsection.6.3}{\376\377\000C\000\341\000c\000\040\000p\000h\001\260\001\241\000n\000g\000\040\000t\000h\036\351\000c\000\040\000x\036\355\000\040\000l\000\375\000\040\000v\000\340\000\040\001\021\000i\036\301\000u\000\040\000h\001\260\036\333\000n\000g\000\040\000g\000i\000a\000o\000\040\000d\000i\036\307\000n}{section.6}% 38
\BOOKMARK [3][-]{subsubsection.6.3.1}{\376\377\000X\000\363\000a\000\040\000g\000i\000a\000o\000\040\000d\000i\036\307\000n\000\040\000h\000i\036\307\000n\000\040\000t\036\241\000i}{subsection.6.3}% 39
\BOOKMARK [3][-]{subsubsection.6.3.2}{\376\377\000X\036\355\000\040\000l\000\375\000\040\001\021\001\003\000n\000g\000\040\000n\000h\036\255\000p}{subsection.6.3}% 40
\BOOKMARK [3][-]{subsubsection.6.3.3}{\376\377\000X\000\342\000y\000\040\000d\036\361\000n\000g\000\040\000g\000i\000a\000o\000\040\000d\000i\036\307\000n\000\040\000c\000h\000\355\000n\000h}{subsection.6.3}% 41
\BOOKMARK [3][-]{subsubsection.6.3.4}{\376\377\001\020\000i\036\301\000u\000\040\000h\001\260\036\333\000n\000g\000\040\000c\000h\036\351\000c\000\040\000n\001\003\000n\000g}{subsection.6.3}% 42
\BOOKMARK [3][-]{subsubsection.6.3.5}{\376\377\000X\036\355\000\040\000l\000\375\000\040\001\021\001\003\000n\000g\000\040\000x\000u\036\245\000t}{subsection.6.3}% 43
\BOOKMARK [1][-]{section.7}{\376\377\000P\000h\000\342\000n\000\040\000c\000\364\000n\000g\000\040\000c\000\364\000n\000g\000\040\000v\000i\036\307\000c}{}% 44
\BOOKMARK [1][-]{section.8}{\376\377\000P\000h\036\345\000\040\000l\036\345\000c\000\040\000m\000\343\000\040\000n\000g\000u\036\323\000n}{}% 45
